2023-03-24 16:03:27,702 - INFO : start running
2023-03-24 16:03:27,718 - INFO : =============================iter.000000==============================
2023-03-24 16:03:27,718 - INFO : -------------------------iter.000000 task 00--------------------------
2023-03-24 16:03:27,911 - INFO : -------------------------iter.000000 task 01--------------------------
2023-03-24 17:55:48,231 - INFO : -------------------------iter.000000 task 02--------------------------
2023-03-24 17:55:48,256 - INFO : -------------------------iter.000000 task 03--------------------------
2023-03-24 17:55:49,423 - INFO : -------------------------iter.000000 task 04--------------------------
2023-03-24 18:00:10,766 - INFO : -------------------------iter.000000 task 05--------------------------
2023-03-24 18:00:10,771 - INFO : -------------------------iter.000000 task 06--------------------------
2023-03-24 18:00:11,001 - INFO : system 000 candidate :      0 in   2132   0.00 %
2023-03-24 18:00:11,001 - INFO : system 000 failed    :      0 in   2132   0.00 %
2023-03-24 18:00:11,001 - INFO : system 000 accurate  :   2132 in   2132 100.00 %
2023-03-24 18:00:11,019 - INFO : system 000 accurate_ratio:   1.0000    thresholds: 1.0000 and 1.0000   eff. task min and max   -1    0   number of fp tasks:      0
2023-03-24 18:00:11,044 - INFO : -------------------------iter.000000 task 07--------------------------
2023-03-24 18:00:11,049 - INFO : -------------------------iter.000000 task 08--------------------------
2023-03-24 18:00:13,849 - INFO : =============================iter.000001==============================
2023-03-24 18:00:13,849 - INFO : -------------------------iter.000001 task 00--------------------------
2023-03-24 18:00:13,871 - INFO : -------------------------iter.000001 task 01--------------------------
2023-03-24 18:00:13,875 - INFO : -------------------------iter.000001 task 02--------------------------
2023-03-24 18:00:13,879 - INFO : -------------------------iter.000001 task 03--------------------------
2023-03-24 18:00:14,760 - INFO : -------------------------iter.000001 task 04--------------------------
2023-03-24 18:04:36,722 - INFO : -------------------------iter.000001 task 05--------------------------
2023-03-24 18:04:36,727 - INFO : -------------------------iter.000001 task 06--------------------------
2023-03-24 18:04:36,969 - INFO : system 000 candidate :      5 in   2132   0.23 %
2023-03-24 18:04:36,969 - INFO : system 000 failed    :      0 in   2132   0.00 %
2023-03-24 18:04:36,969 - INFO : system 000 accurate  :   2127 in   2132  99.77 %
2023-03-24 18:04:36,996 - INFO : system 000 accurate_ratio:   0.9977    thresholds: 1.0000 and 1.0000   eff. task min and max   -1   20   number of fp tasks:      5
2023-03-24 18:04:37,295 - INFO : -------------------------iter.000001 task 07--------------------------
2023-03-24 18:35:50,878 - INFO : -------------------------iter.000001 task 08--------------------------
2023-03-24 18:35:51,046 - INFO : failed frame:      0 in      5    0.00 % 
2023-03-24 18:35:51,055 - INFO : failed tasks:      0 in      5    0.00 % 
2023-03-24 18:35:52,448 - INFO : =============================iter.000002==============================
2023-03-24 18:35:52,448 - INFO : -------------------------iter.000002 task 00--------------------------
2023-03-24 18:35:52,468 - INFO : -------------------------iter.000002 task 01--------------------------
2023-03-24 18:35:52,470 - INFO : -------------------------iter.000002 task 02--------------------------
2023-03-24 18:35:52,473 - INFO : -------------------------iter.000002 task 03--------------------------
2023-03-24 18:35:53,156 - INFO : -------------------------iter.000002 task 04--------------------------
2023-03-24 18:40:13,361 - INFO : -------------------------iter.000002 task 05--------------------------
2023-03-24 18:40:13,366 - INFO : -------------------------iter.000002 task 06--------------------------
2023-03-24 18:40:13,596 - INFO : system 000 candidate :      0 in   2132   0.00 %
2023-03-24 18:40:13,596 - INFO : system 000 failed    :      0 in   2132   0.00 %
2023-03-24 18:40:13,596 - INFO : system 000 accurate  :   2132 in   2132 100.00 %
2023-03-24 18:40:13,614 - INFO : system 000 accurate_ratio:   1.0000    thresholds: 1.0000 and 1.0000   eff. task min and max   -1    0   number of fp tasks:      0
2023-03-24 18:40:13,641 - INFO : -------------------------iter.000002 task 07--------------------------
2023-03-24 18:40:13,646 - INFO : -------------------------iter.000002 task 08--------------------------
2023-03-24 18:40:16,146 - INFO : =============================iter.000003==============================
2023-03-24 18:40:16,146 - INFO : -------------------------iter.000003 task 00--------------------------
2023-03-24 18:40:16,167 - INFO : -------------------------iter.000003 task 01--------------------------
2023-03-24 18:40:16,187 - INFO : -------------------------iter.000003 task 02--------------------------
2023-03-24 18:40:16,190 - INFO : -------------------------iter.000003 task 03--------------------------
2023-03-24 18:40:18,016 - INFO : -------------------------iter.000003 task 04--------------------------
2023-03-24 18:44:39,863 - INFO : -------------------------iter.000003 task 05--------------------------
2023-03-24 18:44:39,867 - INFO : -------------------------iter.000003 task 06--------------------------
2023-03-24 18:44:40,088 - INFO : system 000 candidate :      5 in   2132   0.23 %
2023-03-24 18:44:40,089 - INFO : system 000 failed    :      0 in   2132   0.00 %
2023-03-24 18:44:40,089 - INFO : system 000 accurate  :   2127 in   2132  99.77 %
2023-03-24 18:44:40,108 - INFO : system 000 accurate_ratio:   0.9977    thresholds: 1.0000 and 1.0000   eff. task min and max   -1   20   number of fp tasks:      5
2023-03-24 18:44:40,456 - INFO : -------------------------iter.000003 task 07--------------------------
2023-03-24 19:06:45,035 - INFO : start running
2023-03-24 19:06:45,056 - INFO : continue from iter 000 task 08
2023-03-24 19:06:45,056 - INFO : =============================iter.000000==============================
2023-03-24 19:06:45,056 - INFO : =============================iter.000001==============================
2023-03-24 19:06:45,056 - INFO : -------------------------iter.000001 task 00--------------------------
2023-03-24 19:06:45,079 - INFO : -------------------------iter.000001 task 01--------------------------
2023-03-24 19:06:45,084 - INFO : -------------------------iter.000001 task 02--------------------------
2023-03-24 19:06:45,088 - INFO : -------------------------iter.000001 task 03--------------------------
2023-03-24 19:06:45,679 - INFO : -------------------------iter.000001 task 04--------------------------
2023-03-24 19:10:52,277 - INFO : -------------------------iter.000001 task 05--------------------------
2023-03-24 19:10:52,284 - INFO : -------------------------iter.000001 task 06--------------------------
2023-03-24 19:10:52,369 - INFO : system 000 candidate :    152 in   2366   6.42 %
2023-03-24 19:10:52,369 - INFO : system 000 failed    :      0 in   2366   0.00 %
2023-03-24 19:10:52,370 - INFO : system 000 accurate  :   2214 in   2366  93.58 %
2023-03-24 19:10:52,392 - INFO : system 000 accurate_ratio:   0.9358    thresholds: 1.0000 and 1.0000   eff. task min and max   -1   20   number of fp tasks:     20
2023-03-24 19:10:52,707 - INFO : -------------------------iter.000001 task 07--------------------------
2023-03-25 00:37:02,515 - INFO : -------------------------iter.000001 task 08--------------------------
2023-03-25 00:37:03,218 - INFO : failed frame:     12 in     20   60.00 % 
2023-03-25 11:35:39,977 - INFO : start running
2023-03-25 11:35:39,996 - INFO : continue from iter 001 task 05
2023-03-25 11:35:39,997 - INFO : =============================iter.000000==============================
2023-03-25 11:35:39,997 - INFO : =============================iter.000001==============================
2023-03-25 11:35:39,997 - INFO : -------------------------iter.000001 task 06--------------------------
2023-03-25 11:35:40,139 - INFO : system 000 candidate :    152 in   2366   6.42 %
2023-03-25 11:35:40,140 - INFO : system 000 failed    :      0 in   2366   0.00 %
2023-03-25 11:35:40,140 - INFO : system 000 accurate  :   2214 in   2366  93.58 %
2023-03-25 11:35:40,177 - INFO : system 000 accurate_ratio:   0.9358    thresholds: 1.0000 and 1.0000   eff. task min and max   -1   20   number of fp tasks:     20
2023-03-25 11:35:41,090 - INFO : -------------------------iter.000001 task 07--------------------------
2023-03-25 13:42:47,791 - INFO : start running
2023-03-25 13:42:47,811 - INFO : continue from iter 001 task 05
2023-03-25 13:42:47,811 - INFO : =============================iter.000000==============================
2023-03-25 13:42:47,811 - INFO : =============================iter.000001==============================
2023-03-25 13:42:47,811 - INFO : -------------------------iter.000001 task 06--------------------------
2023-03-25 13:42:47,954 - INFO : system 000 candidate :    152 in   2366   6.42 %
2023-03-25 13:42:47,955 - INFO : system 000 failed    :      0 in   2366   0.00 %
2023-03-25 13:42:47,955 - INFO : system 000 accurate  :   2214 in   2366  93.58 %
2023-03-25 13:42:47,993 - INFO : system 000 accurate_ratio:   0.9358    thresholds: 1.0000 and 1.0000   eff. task min and max   -1   20   number of fp tasks:     20
2023-03-25 13:42:48,842 - INFO : -------------------------iter.000001 task 07--------------------------
2023-03-25 14:18:23,241 - INFO : start running
2023-03-25 14:18:23,259 - INFO : continue from iter 001 task 05
2023-03-25 14:18:23,259 - INFO : =============================iter.000000==============================
2023-03-25 14:18:23,260 - INFO : =============================iter.000001==============================
2023-03-25 14:18:23,260 - INFO : -------------------------iter.000001 task 06--------------------------
2023-03-25 14:18:23,402 - INFO : system 000 candidate :    152 in   2366   6.42 %
2023-03-25 14:18:23,403 - INFO : system 000 failed    :      0 in   2366   0.00 %
2023-03-25 14:18:23,403 - INFO : system 000 accurate  :   2214 in   2366  93.58 %
2023-03-25 14:18:23,443 - INFO : system 000 accurate_ratio:   0.9358    thresholds: 1.0000 and 1.0000   eff. task min and max   -1   20   number of fp tasks:     20
2023-03-25 14:18:24,274 - INFO : -------------------------iter.000001 task 07--------------------------
2023-03-25 14:54:57,279 - INFO : start running
2023-03-25 14:54:57,299 - INFO : continue from iter 001 task 02
2023-03-25 14:54:57,299 - INFO : =============================iter.000000==============================
2023-03-25 14:54:57,299 - INFO : =============================iter.000001==============================
2023-03-25 14:54:57,299 - INFO : -------------------------iter.000001 task 03--------------------------
2023-03-25 14:54:58,079 - INFO : -------------------------iter.000001 task 04--------------------------
2023-03-25 14:59:35,653 - INFO : -------------------------iter.000001 task 05--------------------------
2023-03-25 14:59:35,662 - INFO : -------------------------iter.000001 task 06--------------------------
2023-03-25 14:59:35,818 - INFO : system 000 candidate :     94 in   2366   3.97 %
2023-03-25 14:59:35,818 - INFO : system 000 failed    :      0 in   2366   0.00 %
2023-03-25 14:59:35,818 - INFO : system 000 accurate  :   2272 in   2366  96.03 %
2023-03-25 14:59:35,850 - INFO : system 000 accurate_ratio:   0.9603    thresholds: 1.0000 and 1.0000   eff. task min and max   -1   20   number of fp tasks:     20
2023-03-25 14:59:36,579 - INFO : -------------------------iter.000001 task 07--------------------------
2023-03-25 15:05:26,058 - INFO : start running
2023-03-25 15:05:26,077 - INFO : continue from iter 001 task 05
2023-03-25 15:05:26,077 - INFO : =============================iter.000000==============================
2023-03-25 15:05:26,077 - INFO : =============================iter.000001==============================
2023-03-25 15:05:26,077 - INFO : -------------------------iter.000001 task 06--------------------------
2023-03-25 15:05:26,229 - INFO : system 000 candidate :     94 in   2366   3.97 %
2023-03-25 15:05:26,230 - INFO : system 000 failed    :      0 in   2366   0.00 %
2023-03-25 15:05:26,230 - INFO : system 000 accurate  :   2272 in   2366  96.03 %
2023-03-25 15:05:26,251 - INFO : system 000 accurate_ratio:   0.9603    thresholds: 1.0000 and 1.0000   eff. task min and max   -1   20   number of fp tasks:     20
2023-03-25 15:05:26,871 - INFO : -------------------------iter.000001 task 07--------------------------
2023-03-25 16:41:07,040 - INFO : -------------------------iter.000001 task 08--------------------------
2023-03-25 16:41:07,625 - INFO : failed frame:      0 in     20    0.00 % 
2023-03-25 16:41:07,653 - INFO : failed tasks:      0 in     20    0.00 % 
2023-03-25 16:41:10,038 - INFO : =============================iter.000002==============================
2023-03-25 16:41:10,038 - INFO : -------------------------iter.000002 task 00--------------------------
2023-03-25 16:41:10,343 - INFO : -------------------------iter.000002 task 01--------------------------
2023-03-25 18:25:53,191 - INFO : -------------------------iter.000002 task 02--------------------------
2023-03-25 18:25:53,201 - INFO : -------------------------iter.000002 task 03--------------------------
2023-03-25 18:25:54,015 - INFO : -------------------------iter.000002 task 04--------------------------
2023-03-25 18:33:04,299 - INFO : -------------------------iter.000002 task 05--------------------------
2023-03-25 18:33:04,304 - INFO : -------------------------iter.000002 task 06--------------------------
2023-03-25 18:33:04,481 - INFO : system 000 candidate :   2198 in   3666  59.96 %
2023-03-25 18:33:04,481 - INFO : system 000 failed    :      0 in   3666   0.00 %
2023-03-25 18:33:04,481 - INFO : system 000 accurate  :   1468 in   3666  40.04 %
2023-03-25 18:33:04,507 - INFO : system 000 accurate_ratio:   0.4004    thresholds: 1.0000 and 1.0000   eff. task min and max   -1   20   number of fp tasks:     20
2023-03-25 18:33:05,112 - INFO : -------------------------iter.000002 task 07--------------------------
2023-03-25 18:54:27,513 - INFO : start running
2023-03-25 18:54:27,535 - INFO : continue from iter 002 task 05
2023-03-25 18:54:27,535 - INFO : =============================iter.000000==============================
2023-03-25 18:54:27,535 - INFO : =============================iter.000001==============================
2023-03-25 18:54:27,535 - INFO : =============================iter.000002==============================
2023-03-25 18:54:27,535 - INFO : -------------------------iter.000002 task 06--------------------------
2023-03-25 18:54:27,714 - INFO : system 000 candidate :   2198 in   3666  59.96 %
2023-03-25 18:54:27,714 - INFO : system 000 failed    :      0 in   3666   0.00 %
2023-03-25 18:54:27,714 - INFO : system 000 accurate  :   1468 in   3666  40.04 %
2023-03-25 18:54:27,742 - INFO : system 000 accurate_ratio:   0.4004    thresholds: 1.0000 and 1.0000   eff. task min and max   -1  100   number of fp tasks:    100
2023-03-25 18:54:30,748 - INFO : -------------------------iter.000002 task 07--------------------------
2023-03-26 01:18:35,793 - INFO : -------------------------iter.000002 task 08--------------------------
2023-03-26 01:18:38,397 - INFO : failed frame:      0 in    100    0.00 % 
2023-03-26 01:18:38,419 - INFO : failed tasks:      0 in    100    0.00 % 
2023-03-26 01:18:42,094 - INFO : =============================iter.000003==============================
2023-03-26 01:18:42,095 - INFO : -------------------------iter.000003 task 00--------------------------
2023-03-26 01:18:42,365 - INFO : -------------------------iter.000003 task 01--------------------------
2023-03-26 01:22:21,358 - INFO : start running
2023-03-26 01:22:21,378 - INFO : continue from iter 002 task 08
2023-03-26 01:22:21,378 - INFO : =============================iter.000000==============================
2023-03-26 01:22:21,378 - INFO : =============================iter.000001==============================
2023-03-26 01:22:21,378 - INFO : =============================iter.000002==============================
2023-03-26 01:22:21,378 - INFO : =============================iter.000003==============================
2023-03-26 01:22:21,379 - INFO : -------------------------iter.000003 task 00--------------------------
2023-03-26 01:22:21,729 - INFO : -------------------------iter.000003 task 01--------------------------
2023-03-26 04:51:16,932 - INFO : -------------------------iter.000003 task 02--------------------------
2023-03-26 04:51:16,942 - INFO : -------------------------iter.000003 task 03--------------------------
2023-03-26 04:51:17,523 - INFO : -------------------------iter.000003 task 04--------------------------
2023-03-26 05:00:30,404 - INFO : -------------------------iter.000003 task 05--------------------------
2023-03-26 05:00:30,411 - INFO : -------------------------iter.000003 task 06--------------------------
2023-03-26 05:00:30,590 - INFO : system 000 candidate :   1830 in   4966  36.85 %
2023-03-26 05:00:30,590 - INFO : system 000 failed    :   3136 in   4966  63.15 %
2023-03-26 05:00:30,590 - INFO : system 000 accurate  :      0 in   4966   0.00 %
2023-03-26 05:00:30,615 - INFO : system 000 accurate_ratio:   0.0000    thresholds: 1.0000 and 1.0000   eff. task min and max   -1  100   number of fp tasks:    100
2023-03-26 05:00:33,357 - INFO : -------------------------iter.000003 task 07--------------------------
2023-03-26 10:14:57,634 - INFO : start running
2023-03-26 10:15:45,763 - INFO : start running
2023-03-26 10:30:53,320 - INFO : start running
2023-03-26 10:30:53,341 - INFO : continue from iter 003 task 02
2023-03-26 10:30:53,341 - INFO : =============================iter.000000==============================
2023-03-26 10:30:53,341 - INFO : =============================iter.000001==============================
2023-03-26 10:30:53,341 - INFO : =============================iter.000002==============================
2023-03-26 10:30:53,341 - INFO : =============================iter.000003==============================
2023-03-26 10:30:53,341 - INFO : -------------------------iter.000003 task 03--------------------------
2023-03-26 10:30:53,752 - INFO : -------------------------iter.000003 task 04--------------------------
2023-03-26 10:32:26,397 - INFO : -------------------------iter.000003 task 05--------------------------
2023-03-26 10:32:26,399 - INFO : -------------------------iter.000003 task 06--------------------------
2023-03-26 10:32:26,432 - INFO : system 001 candidate :    241 in    656  36.74 %
2023-03-26 10:32:26,432 - INFO : system 001 failed    :    415 in    656  63.26 %
2023-03-26 10:32:26,432 - INFO : system 001 accurate  :      0 in    656   0.00 %
2023-03-26 10:32:26,439 - INFO : system 001 accurate_ratio:   0.0000    thresholds: 1.0000 and 1.0000   eff. task min and max   -1  100   number of fp tasks:    100
2023-03-26 10:32:28,118 - INFO : -------------------------iter.000003 task 07--------------------------
2023-03-26 11:03:15,456 - INFO : start running
2023-03-26 11:03:15,472 - INFO : continue from iter 002 task 08
2023-03-26 11:03:15,472 - INFO : =============================iter.000000==============================
2023-03-26 11:03:15,472 - INFO : =============================iter.000001==============================
2023-03-26 11:03:15,472 - INFO : =============================iter.000002==============================
2023-03-26 11:03:15,472 - INFO : =============================iter.000003==============================
2023-03-26 11:03:15,472 - INFO : -------------------------iter.000003 task 00--------------------------
2023-03-26 11:03:15,754 - INFO : -------------------------iter.000003 task 01--------------------------
2023-03-26 12:53:04,442 - INFO : -------------------------iter.000003 task 02--------------------------
2023-03-26 12:53:04,458 - INFO : -------------------------iter.000003 task 03--------------------------
2023-03-26 12:53:04,900 - INFO : -------------------------iter.000003 task 04--------------------------
2023-03-26 12:54:37,782 - INFO : -------------------------iter.000003 task 05--------------------------
2023-03-26 12:54:37,795 - INFO : -------------------------iter.000003 task 06--------------------------
2023-03-26 12:54:37,861 - INFO : system 001 candidate :    347 in    656  52.90 %
2023-03-26 12:54:37,861 - INFO : system 001 failed    :      6 in    656   0.91 %
2023-03-26 12:54:37,861 - INFO : system 001 accurate  :    303 in    656  46.19 %
2023-03-26 12:54:37,897 - INFO : system 001 accurate_ratio:   0.4619    thresholds: 1.0000 and 1.0000   eff. task min and max   -1  100   number of fp tasks:    100
2023-03-26 12:54:41,327 - INFO : -------------------------iter.000003 task 07--------------------------
2023-03-26 18:49:59,654 - INFO : -------------------------iter.000003 task 08--------------------------
2023-03-26 18:50:02,608 - INFO : failed frame:      0 in    100    0.00 % 
2023-03-26 18:50:02,639 - INFO : failed tasks:      0 in    100    0.00 % 
2023-03-26 18:50:03,584 - INFO : =============================iter.000004==============================
2023-03-26 18:50:03,584 - INFO : -------------------------iter.000004 task 00--------------------------
2023-03-26 18:50:03,855 - INFO : -------------------------iter.000004 task 01--------------------------
2023-03-26 20:39:20,775 - INFO : -------------------------iter.000004 task 02--------------------------
2023-03-26 20:39:20,791 - INFO : -------------------------iter.000004 task 03--------------------------
2023-03-26 20:39:21,178 - INFO : -------------------------iter.000004 task 04--------------------------
2023-03-26 20:42:24,947 - INFO : -------------------------iter.000004 task 05--------------------------
2023-03-26 20:42:24,952 - INFO : -------------------------iter.000004 task 06--------------------------
2023-03-26 20:42:25,052 - INFO : system 001 candidate :    637 in   1456  43.75 %
2023-03-26 20:42:25,053 - INFO : system 001 failed    :      0 in   1456   0.00 %
2023-03-26 20:42:25,053 - INFO : system 001 accurate  :    819 in   1456  56.25 %
2023-03-26 20:42:25,071 - INFO : system 001 accurate_ratio:   0.5625    thresholds: 1.0000 and 1.0000   eff. task min and max   -1  100   number of fp tasks:    100
2023-03-26 20:42:27,888 - INFO : -------------------------iter.000004 task 07--------------------------
2023-03-26 23:13:19,264 - INFO : start running
2023-03-26 23:13:19,286 - INFO : continue from iter 004 task 02
2023-03-26 23:13:19,287 - INFO : =============================iter.000000==============================
2023-03-26 23:13:19,287 - INFO : =============================iter.000001==============================
2023-03-26 23:13:19,287 - INFO : =============================iter.000002==============================
2023-03-26 23:13:19,287 - INFO : =============================iter.000003==============================
2023-03-26 23:13:19,287 - INFO : =============================iter.000004==============================
2023-03-26 23:13:19,287 - INFO : -------------------------iter.000004 task 03--------------------------
2023-03-26 23:13:21,022 - INFO : -------------------------iter.000004 task 04--------------------------
2023-03-26 23:18:26,351 - INFO : -------------------------iter.000004 task 05--------------------------
2023-03-26 23:18:26,359 - INFO : -------------------------iter.000004 task 06--------------------------
2023-03-26 23:18:26,537 - INFO : system 000 candidate :   1268 in   1599  79.30 %
2023-03-26 23:18:26,538 - INFO : system 000 failed    :     76 in   1599   4.75 %
2023-03-26 23:18:26,538 - INFO : system 000 accurate  :    255 in   1599  15.95 %
2023-03-26 23:18:26,558 - INFO : system 000 accurate_ratio:   0.1595    thresholds: 1.0000 and 1.0000   eff. task min and max   -1   30   number of fp tasks:     30
2023-03-26 23:18:26,798 - INFO : system 001 candidate :    801 in    984  81.40 %
2023-03-26 23:18:26,798 - INFO : system 001 failed    :     34 in    984   3.46 %
2023-03-26 23:18:26,798 - INFO : system 001 accurate  :    149 in    984  15.14 %
2023-03-26 23:18:26,874 - INFO : system 001 accurate_ratio:   0.1514    thresholds: 1.0000 and 1.0000   eff. task min and max   -1   30   number of fp tasks:     30
2023-03-26 23:18:28,927 - INFO : -------------------------iter.000004 task 07--------------------------
2023-03-27 03:01:07,710 - INFO : -------------------------iter.000004 task 08--------------------------
2023-03-27 03:01:09,644 - INFO : failed frame:      0 in     60    0.00 % 
2023-03-27 03:01:09,689 - INFO : failed tasks:      0 in     60    0.00 % 
2023-03-27 03:01:12,981 - INFO : =============================iter.000005==============================
2023-03-27 03:01:12,982 - INFO : -------------------------iter.000005 task 00--------------------------
2023-03-27 03:01:13,346 - INFO : -------------------------iter.000005 task 01--------------------------
2023-03-27 04:46:28,205 - INFO : -------------------------iter.000005 task 02--------------------------
2023-03-27 04:46:28,214 - INFO : -------------------------iter.000005 task 03--------------------------
2023-03-27 04:46:29,963 - INFO : -------------------------iter.000005 task 04--------------------------
2023-03-27 04:53:17,487 - INFO : -------------------------iter.000005 task 05--------------------------
2023-03-27 04:53:17,495 - INFO : -------------------------iter.000005 task 06--------------------------
2023-03-27 04:53:17,675 - INFO : system 000 candidate :   1606 in   2379  67.51 %
2023-03-27 04:53:17,675 - INFO : system 000 failed    :    744 in   2379  31.27 %
2023-03-27 04:53:17,675 - INFO : system 000 accurate  :     29 in   2379   1.22 %
2023-03-27 04:53:17,698 - INFO : system 000 accurate_ratio:   0.0122    thresholds: 1.0000 and 1.0000   eff. task min and max   -1   30   number of fp tasks:     30
2023-03-27 04:53:17,945 - INFO : system 001 candidate :    899 in   1464  61.41 %
2023-03-27 04:53:17,945 - INFO : system 001 failed    :    560 in   1464  38.25 %
2023-03-27 04:53:17,945 - INFO : system 001 accurate  :      5 in   1464   0.34 %
2023-03-27 04:53:17,989 - INFO : system 001 accurate_ratio:   0.0034    thresholds: 1.0000 and 1.0000   eff. task min and max   -1   30   number of fp tasks:     30
2023-03-27 04:53:19,505 - INFO : -------------------------iter.000005 task 07--------------------------
2023-03-27 09:02:03,923 - INFO : -------------------------iter.000005 task 08--------------------------
2023-03-27 09:02:05,991 - INFO : failed frame:      0 in     60    0.00 % 
2023-03-27 09:02:06,044 - INFO : failed tasks:      0 in     60    0.00 % 
2023-03-27 09:02:11,026 - INFO : =============================iter.000006==============================
2023-03-27 09:02:11,027 - INFO : -------------------------iter.000006 task 00--------------------------
2023-03-27 09:02:11,449 - INFO : -------------------------iter.000006 task 01--------------------------
2023-03-27 09:25:21,855 - INFO : start running
2023-03-27 09:25:21,876 - INFO : continue from iter 005 task 08
2023-03-27 09:25:21,876 - INFO : =============================iter.000000==============================
2023-03-27 09:25:21,876 - INFO : =============================iter.000001==============================
2023-03-27 09:25:21,876 - INFO : =============================iter.000002==============================
2023-03-27 09:25:21,876 - INFO : =============================iter.000003==============================
2023-03-27 09:25:21,876 - INFO : =============================iter.000004==============================
2023-03-27 09:25:21,877 - INFO : =============================iter.000005==============================
2023-03-27 09:25:21,877 - INFO : =============================iter.000006==============================
2023-03-27 09:25:21,877 - INFO : -------------------------iter.000006 task 00--------------------------
2023-03-27 09:25:22,329 - INFO : -------------------------iter.000006 task 01--------------------------
2023-03-27 12:05:14,649 - INFO : -------------------------iter.000006 task 02--------------------------
2023-03-27 12:05:14,657 - INFO : -------------------------iter.000006 task 03--------------------------
2023-03-27 12:05:15,845 - INFO : -------------------------iter.000006 task 04--------------------------
2023-03-27 12:14:19,013 - INFO : -------------------------iter.000006 task 05--------------------------
2023-03-27 12:14:19,020 - INFO : -------------------------iter.000006 task 06--------------------------
2023-03-27 12:14:19,225 - INFO : system 000 candidate :   1913 in   3159  60.56 %
2023-03-27 12:14:19,225 - INFO : system 000 failed    :   1246 in   3159  39.44 %
2023-03-27 12:14:19,225 - INFO : system 000 accurate  :      0 in   3159   0.00 %
2023-03-27 12:14:19,255 - INFO : system 000 accurate_ratio:   0.0000    thresholds: 1.0000 and 1.0000   eff. task min and max   -1   30   number of fp tasks:     30
2023-03-27 12:14:19,500 - INFO : system 001 candidate :   1031 in   1944  53.03 %
2023-03-27 12:14:19,501 - INFO : system 001 failed    :    913 in   1944  46.97 %
2023-03-27 12:14:19,501 - INFO : system 001 accurate  :      0 in   1944   0.00 %
2023-03-27 12:14:19,530 - INFO : system 001 accurate_ratio:   0.0000    thresholds: 1.0000 and 1.0000   eff. task min and max   -1   30   number of fp tasks:     30
2023-03-27 12:14:21,487 - INFO : -------------------------iter.000006 task 07--------------------------
2023-03-27 16:12:50,920 - INFO : -------------------------iter.000006 task 08--------------------------
2023-03-27 16:12:52,919 - INFO : failed frame:      0 in     60    0.00 % 
2023-03-27 16:12:52,958 - INFO : failed tasks:      0 in     60    0.00 % 
2023-03-27 16:12:58,274 - INFO : =============================iter.000007==============================
2023-03-27 16:12:58,275 - INFO : -------------------------iter.000007 task 00--------------------------
2023-03-27 16:12:58,728 - INFO : -------------------------iter.000007 task 01--------------------------
